2016-08-27 00:26:13 Error: [MissingControllerException] Controller class ImgController could not be found.
#0 /hermes/bosnaweb27a/b852/ipg.holytrinityam/holytrinity/app/webroot/index.php(97): Dispatcher->dispatch(Object(CakeRequest), Object(CakeResponse))
#1 {main}
2016-08-27 00:30:22 Error: [MissingControllerException] Controller class Robots.txtController could not be found.
#0 /hermes/bosnaweb27a/b852/ipg.holytrinityam/holytrinity/app/webroot/index.php(97): Dispatcher->dispatch(Object(CakeRequest), Object(CakeResponse))
#1 {main}
2016-08-27 00:39:42 Error: [MissingControllerException] Controller class Robots.txtController could not be found.
#0 /hermes/bosnaweb27a/b852/ipg.holytrinityam/holytrinity/app/webroot/index.php(97): Dispatcher->dispatch(Object(CakeRequest), Object(CakeResponse))
#1 {main}
2016-08-27 01:01:18 Error: [MissingControllerException] Controller class Robots.txtController could not be found.
#0 /hermes/bosnaweb27a/b852/ipg.holytrinityam/holytrinity/app/webroot/index.php(97): Dispatcher->dispatch(Object(CakeRequest), Object(CakeResponse))
#1 {main}
2016-08-27 01:01:19 Error: [MissingControllerException] Controller class Robots.txtController could not be found.
#0 /hermes/bosnaweb27a/b852/ipg.holytrinityam/holytrinity/app/webroot/index.php(97): Dispatcher->dispatch(Object(CakeRequest), Object(CakeResponse))
#1 {main}
2016-08-27 18:57:38 Error: [MissingControllerException] Controller class CssController could not be found.
#0 F:\xampp\htdocs\holytrinity\app\webroot\index.php(97): Dispatcher->dispatch(Object(CakeRequest), Object(CakeResponse))
#1 {main}
2017-08-08 00:48:43 Error: [PDOException] SQLSTATE[42S22]: Column not found: 1054 Unknown column 'Day.name' in 'field list'
#0 F:\xampp\htdocs\holytrinity\lib\Cake\Model\Datasource\DboSource.php(436): PDOStatement->execute(Array)
#1 F:\xampp\htdocs\holytrinity\lib\Cake\Model\Datasource\DboSource.php(403): DboSource->_execute('SELECT Day.id,D...', Array)
#2 F:\xampp\htdocs\holytrinity\lib\Cake\Model\Datasource\DboSource.php(646): DboSource->execute('SELECT Day.id,D...', Array, Array)
#3 F:\xampp\htdocs\holytrinity\lib\Cake\Model\Datasource\DboSource.php(1057): DboSource->fetchAll('SELECT Day.id,D...', false)
#4 F:\xampp\htdocs\holytrinity\lib\Cake\Model\Model.php(2635): DboSource->read(Object(Day), Array)
#5 F:\xampp\htdocs\holytrinity\app\Controller\AppController.php(84): Model->find('first', Array)
#6 F:\xampp\htdocs\holytrinity\app\Controller\PagesController.php(32): AppController->beforeFilter()
#7 [internal function]: PagesController->beforeFilter(Object(CakeEvent))
#8 F:\xampp\htdocs\holytrinity\lib\Cake\Event\CakeEventManager.php(246): call_user_func(Array, Object(CakeEvent))
#9 F:\xampp\htdocs\holytrinity\lib\Cake\Controller\Controller.php(673): CakeEventManager->dispatch(Object(CakeEvent))
#10 F:\xampp\htdocs\holytrinity\lib\Cake\Routing\Dispatcher.php(100): Controller->startupProcess()
#11 F:\xampp\htdocs\holytrinity\lib\Cake\Routing\Dispatcher.php(85): Dispatcher->_invoke(Object(PagesController), Object(CakeRequest), Object(CakeResponse))
#12 F:\xampp\htdocs\holytrinity\app\webroot\index.php(97): Dispatcher->dispatch(Object(CakeRequest), Object(CakeResponse))
#13 {main}
2017-08-08 00:48:47 Error: [PDOException] SQLSTATE[42S22]: Column not found: 1054 Unknown column 'Day.name' in 'field list'
#0 F:\xampp\htdocs\holytrinity\lib\Cake\Model\Datasource\DboSource.php(436): PDOStatement->execute(Array)
#1 F:\xampp\htdocs\holytrinity\lib\Cake\Model\Datasource\DboSource.php(403): DboSource->_execute('SELECT Day.id,D...', Array)
#2 F:\xampp\htdocs\holytrinity\lib\Cake\Model\Datasource\DboSource.php(646): DboSource->execute('SELECT Day.id,D...', Array, Array)
#3 F:\xampp\htdocs\holytrinity\lib\Cake\Model\Datasource\DboSource.php(1057): DboSource->fetchAll('SELECT Day.id,D...', false)
#4 F:\xampp\htdocs\holytrinity\lib\Cake\Model\Model.php(2635): DboSource->read(Object(Day), Array)
#5 F:\xampp\htdocs\holytrinity\app\Controller\AppController.php(84): Model->find('first', Array)
#6 F:\xampp\htdocs\holytrinity\app\Controller\PagesController.php(32): AppController->beforeFilter()
#7 [internal function]: PagesController->beforeFilter(Object(CakeEvent))
#8 F:\xampp\htdocs\holytrinity\lib\Cake\Event\CakeEventManager.php(246): call_user_func(Array, Object(CakeEvent))
#9 F:\xampp\htdocs\holytrinity\lib\Cake\Controller\Controller.php(673): CakeEventManager->dispatch(Object(CakeEvent))
#10 F:\xampp\htdocs\holytrinity\lib\Cake\Routing\Dispatcher.php(100): Controller->startupProcess()
#11 F:\xampp\htdocs\holytrinity\lib\Cake\Routing\Dispatcher.php(85): Dispatcher->_invoke(Object(PagesController), Object(CakeRequest), Object(CakeResponse))
#12 F:\xampp\htdocs\holytrinity\app\webroot\index.php(97): Dispatcher->dispatch(Object(CakeRequest), Object(CakeResponse))
#13 {main}
2017-08-08 00:49:01 Error: [PDOException] SQLSTATE[42S22]: Column not found: 1054 Unknown column 'Day.name' in 'field list'
#0 F:\xampp\htdocs\holytrinity\lib\Cake\Model\Datasource\DboSource.php(436): PDOStatement->execute(Array)
#1 F:\xampp\htdocs\holytrinity\lib\Cake\Model\Datasource\DboSource.php(403): DboSource->_execute('SELECT Day.id,D...', Array)
#2 F:\xampp\htdocs\holytrinity\lib\Cake\Model\Datasource\DboSource.php(646): DboSource->execute('SELECT Day.id,D...', Array, Array)
#3 F:\xampp\htdocs\holytrinity\lib\Cake\Model\Datasource\DboSource.php(1057): DboSource->fetchAll('SELECT Day.id,D...', false)
#4 F:\xampp\htdocs\holytrinity\lib\Cake\Model\Model.php(2635): DboSource->read(Object(Day), Array)
#5 F:\xampp\htdocs\holytrinity\app\Controller\AppController.php(84): Model->find('first', Array)
#6 F:\xampp\htdocs\holytrinity\app\Controller\MenusController.php(8): AppController->beforeFilter()
#7 [internal function]: MenusController->beforeFilter(Object(CakeEvent))
#8 F:\xampp\htdocs\holytrinity\lib\Cake\Event\CakeEventManager.php(246): call_user_func(Array, Object(CakeEvent))
#9 F:\xampp\htdocs\holytrinity\lib\Cake\Controller\Controller.php(673): CakeEventManager->dispatch(Object(CakeEvent))
#10 F:\xampp\htdocs\holytrinity\lib\Cake\Routing\Dispatcher.php(100): Controller->startupProcess()
#11 F:\xampp\htdocs\holytrinity\lib\Cake\Routing\Dispatcher.php(85): Dispatcher->_invoke(Object(MenusController), Object(CakeRequest), Object(CakeResponse))
#12 F:\xampp\htdocs\holytrinity\app\webroot\index.php(97): Dispatcher->dispatch(Object(CakeRequest), Object(CakeResponse))
#13 {main}
2017-08-08 00:50:06 Error: [PDOException] SQLSTATE[42S22]: Column not found: 1054 Unknown column 'Event.name' in 'field list'
#0 F:\xampp\htdocs\holytrinity\lib\Cake\Model\Datasource\DboSource.php(436): PDOStatement->execute(Array)
#1 F:\xampp\htdocs\holytrinity\lib\Cake\Model\Datasource\DboSource.php(403): DboSource->_execute('SELECT `Event`....', Array)
#2 F:\xampp\htdocs\holytrinity\lib\Cake\Model\Datasource\DboSource.php(646): DboSource->execute('SELECT `Event`....', Array, Array)
#3 F:\xampp\htdocs\holytrinity\lib\Cake\Model\Datasource\DboSource.php(1299): DboSource->fetchAll('SELECT `Event`....', false)
#4 F:\xampp\htdocs\holytrinity\lib\Cake\Model\Datasource\DboSource.php(1167): DboSource->fetchAssociated(Object(Day), 'SELECT `Event`....', Array)
#5 F:\xampp\htdocs\holytrinity\lib\Cake\Model\Datasource\DboSource.php(1086): DboSource->queryAssociation(Object(Day), Object(Event), 'hasMany', 'Event', Array, Array, true, Array, 0, Array)
#6 F:\xampp\htdocs\holytrinity\lib\Cake\Model\Model.php(2635): DboSource->read(Object(Day), Array)
#7 F:\xampp\htdocs\holytrinity\app\Controller\AppController.php(84): Model->find('first', Array)
#8 F:\xampp\htdocs\holytrinity\app\Controller\PagesController.php(32): AppController->beforeFilter()
#9 [internal function]: PagesController->beforeFilter(Object(CakeEvent))
#10 F:\xampp\htdocs\holytrinity\lib\Cake\Event\CakeEventManager.php(246): call_user_func(Array, Object(CakeEvent))
#11 F:\xampp\htdocs\holytrinity\lib\Cake\Controller\Controller.php(673): CakeEventManager->dispatch(Object(CakeEvent))
#12 F:\xampp\htdocs\holytrinity\lib\Cake\Routing\Dispatcher.php(100): Controller->startupProcess()
#13 F:\xampp\htdocs\holytrinity\lib\Cake\Routing\Dispatcher.php(85): Dispatcher->_invoke(Object(PagesController), Object(CakeRequest), Object(CakeResponse))
#14 F:\xampp\htdocs\holytrinity\app\webroot\index.php(97): Dispatcher->dispatch(Object(CakeRequest), Object(CakeResponse))
#15 {main}
2017-08-08 00:50:51 Error: [PDOException] SQLSTATE[42S22]: Column not found: 1054 Unknown column 'Event.created' in 'order clause'
#0 F:\xampp\htdocs\holytrinity\lib\Cake\Model\Datasource\DboSource.php(436): PDOStatement->execute(Array)
#1 F:\xampp\htdocs\holytrinity\lib\Cake\Model\Datasource\DboSource.php(403): DboSource->_execute('SELECT `Event`....', Array)
#2 F:\xampp\htdocs\holytrinity\lib\Cake\Model\Datasource\DboSource.php(646): DboSource->execute('SELECT `Event`....', Array, Array)
#3 F:\xampp\htdocs\holytrinity\lib\Cake\Model\Datasource\DboSource.php(1299): DboSource->fetchAll('SELECT `Event`....', false)
#4 F:\xampp\htdocs\holytrinity\lib\Cake\Model\Datasource\DboSource.php(1167): DboSource->fetchAssociated(Object(Day), 'SELECT `Event`....', Array)
#5 F:\xampp\htdocs\holytrinity\lib\Cake\Model\Datasource\DboSource.php(1086): DboSource->queryAssociation(Object(Day), Object(Event), 'hasMany', 'Event', Array, Array, true, Array, 0, Array)
#6 F:\xampp\htdocs\holytrinity\lib\Cake\Model\Model.php(2635): DboSource->read(Object(Day), Array)
#7 F:\xampp\htdocs\holytrinity\app\Controller\AppController.php(84): Model->find('first', Array)
#8 F:\xampp\htdocs\holytrinity\app\Controller\PagesController.php(32): AppController->beforeFilter()
#9 [internal function]: PagesController->beforeFilter(Object(CakeEvent))
#10 F:\xampp\htdocs\holytrinity\lib\Cake\Event\CakeEventManager.php(246): call_user_func(Array, Object(CakeEvent))
#11 F:\xampp\htdocs\holytrinity\lib\Cake\Controller\Controller.php(673): CakeEventManager->dispatch(Object(CakeEvent))
#12 F:\xampp\htdocs\holytrinity\lib\Cake\Routing\Dispatcher.php(100): Controller->startupProcess()
#13 F:\xampp\htdocs\holytrinity\lib\Cake\Routing\Dispatcher.php(85): Dispatcher->_invoke(Object(PagesController), Object(CakeRequest), Object(CakeResponse))
#14 F:\xampp\htdocs\holytrinity\app\webroot\index.php(97): Dispatcher->dispatch(Object(CakeRequest), Object(CakeResponse))
#15 {main}
2017-08-08 00:53:12 Error: [PDOException] SQLSTATE[42S22]: Column not found: 1054 Unknown column 'Event.created' in 'order clause'
#0 F:\xampp\htdocs\holytrinity\lib\Cake\Model\Datasource\DboSource.php(436): PDOStatement->execute(Array)
#1 F:\xampp\htdocs\holytrinity\lib\Cake\Model\Datasource\DboSource.php(403): DboSource->_execute('SELECT `Event`....', Array)
#2 F:\xampp\htdocs\holytrinity\lib\Cake\Model\Datasource\DboSource.php(646): DboSource->execute('SELECT `Event`....', Array, Array)
#3 F:\xampp\htdocs\holytrinity\lib\Cake\Model\Datasource\DboSource.php(1299): DboSource->fetchAll('SELECT `Event`....', false)
#4 F:\xampp\htdocs\holytrinity\lib\Cake\Model\Datasource\DboSource.php(1167): DboSource->fetchAssociated(Object(Day), 'SELECT `Event`....', Array)
#5 F:\xampp\htdocs\holytrinity\lib\Cake\Model\Datasource\DboSource.php(1086): DboSource->queryAssociation(Object(Day), Object(Event), 'hasMany', 'Event', Array, Array, true, Array, 0, Array)
#6 F:\xampp\htdocs\holytrinity\lib\Cake\Model\Model.php(2635): DboSource->read(Object(Day), Array)
#7 F:\xampp\htdocs\holytrinity\app\Controller\AppController.php(84): Model->find('first', Array)
#8 F:\xampp\htdocs\holytrinity\app\Controller\MenusController.php(8): AppController->beforeFilter()
#9 [internal function]: MenusController->beforeFilter(Object(CakeEvent))
#10 F:\xampp\htdocs\holytrinity\lib\Cake\Event\CakeEventManager.php(246): call_user_func(Array, Object(CakeEvent))
#11 F:\xampp\htdocs\holytrinity\lib\Cake\Controller\Controller.php(673): CakeEventManager->dispatch(Object(CakeEvent))
#12 F:\xampp\htdocs\holytrinity\lib\Cake\Routing\Dispatcher.php(100): Controller->startupProcess()
#13 F:\xampp\htdocs\holytrinity\lib\Cake\Routing\Dispatcher.php(85): Dispatcher->_invoke(Object(MenusController), Object(CakeRequest), Object(CakeResponse))
#14 F:\xampp\htdocs\holytrinity\app\webroot\index.php(97): Dispatcher->dispatch(Object(CakeRequest), Object(CakeResponse))
#15 {main}
2017-08-08 00:54:07 Error: [PDOException] SQLSTATE[42S22]: Column not found: 1054 Unknown column 'Reading.name' in 'field list'
#0 F:\xampp\htdocs\holytrinity\lib\Cake\Model\Datasource\DboSource.php(436): PDOStatement->execute(Array)
#1 F:\xampp\htdocs\holytrinity\lib\Cake\Model\Datasource\DboSource.php(403): DboSource->_execute('SELECT `Reading...', Array)
#2 F:\xampp\htdocs\holytrinity\lib\Cake\Model\Datasource\DboSource.php(646): DboSource->execute('SELECT `Reading...', Array, Array)
#3 F:\xampp\htdocs\holytrinity\lib\Cake\Model\Datasource\DboSource.php(1299): DboSource->fetchAll('SELECT `Reading...', false)
#4 F:\xampp\htdocs\holytrinity\lib\Cake\Model\Datasource\DboSource.php(1167): DboSource->fetchAssociated(Object(Day), 'SELECT `Reading...', Array)
#5 F:\xampp\htdocs\holytrinity\lib\Cake\Model\Datasource\DboSource.php(1086): DboSource->queryAssociation(Object(Day), Object(Reading), 'hasMany', 'Reading', Array, Array, true, Array, 0, Array)
#6 F:\xampp\htdocs\holytrinity\lib\Cake\Model\Model.php(2635): DboSource->read(Object(Day), Array)
#7 F:\xampp\htdocs\holytrinity\app\Controller\AppController.php(84): Model->find('first', Array)
#8 F:\xampp\htdocs\holytrinity\app\Controller\MenusController.php(8): AppController->beforeFilter()
#9 [internal function]: MenusController->beforeFilter(Object(CakeEvent))
#10 F:\xampp\htdocs\holytrinity\lib\Cake\Event\CakeEventManager.php(246): call_user_func(Array, Object(CakeEvent))
#11 F:\xampp\htdocs\holytrinity\lib\Cake\Controller\Controller.php(673): CakeEventManager->dispatch(Object(CakeEvent))
#12 F:\xampp\htdocs\holytrinity\lib\Cake\Routing\Dispatcher.php(100): Controller->startupProcess()
#13 F:\xampp\htdocs\holytrinity\lib\Cake\Routing\Dispatcher.php(85): Dispatcher->_invoke(Object(MenusController), Object(CakeRequest), Object(CakeResponse))
#14 F:\xampp\htdocs\holytrinity\app\webroot\index.php(97): Dispatcher->dispatch(Object(CakeRequest), Object(CakeResponse))
#15 {main}
2017-08-08 00:54:35 Error: [PDOException] SQLSTATE[42S22]: Column not found: 1054 Unknown column 'Menu.name' in 'field list'
#0 F:\xampp\htdocs\holytrinity\lib\Cake\Model\Datasource\DboSource.php(436): PDOStatement->execute(Array)
#1 F:\xampp\htdocs\holytrinity\lib\Cake\Model\Datasource\DboSource.php(403): DboSource->_execute('SELECT Menu.id,...', Array)
#2 F:\xampp\htdocs\holytrinity\lib\Cake\Model\Datasource\DboSource.php(646): DboSource->execute('SELECT Menu.id,...', Array, Array)
#3 F:\xampp\htdocs\holytrinity\lib\Cake\Model\Datasource\DboSource.php(1057): DboSource->fetchAll('SELECT Menu.id,...', false)
#4 F:\xampp\htdocs\holytrinity\lib\Cake\Model\Model.php(2635): DboSource->read(Object(Menu), Array)
#5 F:\xampp\htdocs\holytrinity\app\Controller\AppController.php(115): Model->find('all', Array)
#6 F:\xampp\htdocs\holytrinity\app\Controller\MenusController.php(8): AppController->beforeFilter()
#7 [internal function]: MenusController->beforeFilter(Object(CakeEvent))
#8 F:\xampp\htdocs\holytrinity\lib\Cake\Event\CakeEventManager.php(246): call_user_func(Array, Object(CakeEvent))
#9 F:\xampp\htdocs\holytrinity\lib\Cake\Controller\Controller.php(673): CakeEventManager->dispatch(Object(CakeEvent))
#10 F:\xampp\htdocs\holytrinity\lib\Cake\Routing\Dispatcher.php(100): Controller->startupProcess()
#11 F:\xampp\htdocs\holytrinity\lib\Cake\Routing\Dispatcher.php(85): Dispatcher->_invoke(Object(MenusController), Object(CakeRequest), Object(CakeResponse))
#12 F:\xampp\htdocs\holytrinity\app\webroot\index.php(97): Dispatcher->dispatch(Object(CakeRequest), Object(CakeResponse))
#13 {main}
2017-08-08 00:59:08 Error: [MissingControllerException] Controller class ImgController could not be found.
#0 F:\xampp\htdocs\holytrinity\app\webroot\index.php(97): Dispatcher->dispatch(Object(CakeRequest), Object(CakeResponse))
#1 {main}
2017-08-08 00:59:08 Error: [MissingControllerException] Controller class ImgController could not be found.
#0 F:\xampp\htdocs\holytrinity\app\webroot\index.php(97): Dispatcher->dispatch(Object(CakeRequest), Object(CakeResponse))
#1 {main}
2017-08-08 00:59:19 Error: [PDOException] SQLSTATE[42S22]: Column not found: 1054 Unknown column 'Menu.main_show' in 'field list'
#0 F:\xampp\htdocs\holytrinity\lib\Cake\Model\Datasource\DboSource.php(436): PDOStatement->execute(Array)
#1 F:\xampp\htdocs\holytrinity\lib\Cake\Model\Datasource\DboSource.php(403): DboSource->_execute('SELECT Menu.id,...', Array)
#2 F:\xampp\htdocs\holytrinity\lib\Cake\Model\Datasource\DboSource.php(646): DboSource->execute('SELECT Menu.id,...', Array, Array)
#3 F:\xampp\htdocs\holytrinity\lib\Cake\Model\Datasource\DboSource.php(1057): DboSource->fetchAll('SELECT Menu.id,...', false)
#4 F:\xampp\htdocs\holytrinity\lib\Cake\Model\Model.php(2635): DboSource->read(Object(Menu), Array)
#5 F:\xampp\htdocs\holytrinity\lib\Cake\Controller\Component\PaginatorComponent.php(172): Model->find('all', Array)
#6 F:\xampp\htdocs\holytrinity\lib\Cake\Controller\Controller.php(1087): PaginatorComponent->paginate('Menu', Array, Array)
#7 F:\xampp\htdocs\holytrinity\app\Controller\MenusController.php(106): Controller->paginate('Menu')
#8 [internal function]: MenusController->view('9')
#9 F:\xampp\htdocs\holytrinity\lib\Cake\Controller\Controller.php(488): ReflectionMethod->invokeArgs(Object(MenusController), Array)
#10 F:\xampp\htdocs\holytrinity\lib\Cake\Routing\Dispatcher.php(103): Controller->invokeAction(Object(CakeRequest))
#11 F:\xampp\htdocs\holytrinity\lib\Cake\Routing\Dispatcher.php(85): Dispatcher->_invoke(Object(MenusController), Object(CakeRequest), Object(CakeResponse))
#12 F:\xampp\htdocs\holytrinity\app\webroot\index.php(97): Dispatcher->dispatch(Object(CakeRequest), Object(CakeResponse))
#13 {main}
2017-08-08 01:00:03 Error: [MissingControllerException] Controller class ImgController could not be found.
#0 F:\xampp\htdocs\holytrinity\app\webroot\index.php(97): Dispatcher->dispatch(Object(CakeRequest), Object(CakeResponse))
#1 {main}
2017-08-08 01:00:03 Error: [MissingControllerException] Controller class ImgController could not be found.
#0 F:\xampp\htdocs\holytrinity\app\webroot\index.php(97): Dispatcher->dispatch(Object(CakeRequest), Object(CakeResponse))
#1 {main}
2017-08-08 01:06:15 Error: [PDOException] SQLSTATE[HY000]: General error: 1194 Table 'days' is marked as crashed and should be repaired
#0 F:\xampp\htdocs\holytrinity\lib\Cake\Model\Datasource\DboSource.php(436): PDOStatement->execute(Array)
#1 F:\xampp\htdocs\holytrinity\lib\Cake\Model\Datasource\DboSource.php(403): DboSource->_execute('SELECT Day.id,D...', Array)
#2 F:\xampp\htdocs\holytrinity\lib\Cake\Model\Datasource\DboSource.php(646): DboSource->execute('SELECT Day.id,D...', Array, Array)
#3 F:\xampp\htdocs\holytrinity\lib\Cake\Model\Datasource\DboSource.php(1057): DboSource->fetchAll('SELECT Day.id,D...', false)
#4 F:\xampp\htdocs\holytrinity\lib\Cake\Model\Model.php(2635): DboSource->read(Object(Day), Array)
#5 F:\xampp\htdocs\holytrinity\app\Controller\AppController.php(84): Model->find('first', Array)
#6 F:\xampp\htdocs\holytrinity\app\Controller\MenusController.php(8): AppController->beforeFilter()
#7 [internal function]: MenusController->beforeFilter(Object(CakeEvent))
#8 F:\xampp\htdocs\holytrinity\lib\Cake\Event\CakeEventManager.php(246): call_user_func(Array, Object(CakeEvent))
#9 F:\xampp\htdocs\holytrinity\lib\Cake\Controller\Controller.php(673): CakeEventManager->dispatch(Object(CakeEvent))
#10 F:\xampp\htdocs\holytrinity\lib\Cake\Routing\Dispatcher.php(100): Controller->startupProcess()
#11 F:\xampp\htdocs\holytrinity\lib\Cake\Routing\Dispatcher.php(85): Dispatcher->_invoke(Object(MenusController), Object(CakeRequest), Object(CakeResponse))
#12 F:\xampp\htdocs\holytrinity\app\webroot\index.php(97): Dispatcher->dispatch(Object(CakeRequest), Object(CakeResponse))
#13 {main}
2017-08-08 01:06:29 Error: [PDOException] SQLSTATE[HY000]: General error: 1194 Table 'days' is marked as crashed and should be repaired
#0 F:\xampp\htdocs\holytrinity\lib\Cake\Model\Datasource\DboSource.php(436): PDOStatement->execute(Array)
#1 F:\xampp\htdocs\holytrinity\lib\Cake\Model\Datasource\DboSource.php(403): DboSource->_execute('SELECT Day.id,D...', Array)
#2 F:\xampp\htdocs\holytrinity\lib\Cake\Model\Datasource\DboSource.php(646): DboSource->execute('SELECT Day.id,D...', Array, Array)
#3 F:\xampp\htdocs\holytrinity\lib\Cake\Model\Datasource\DboSource.php(1057): DboSource->fetchAll('SELECT Day.id,D...', false)
#4 F:\xampp\htdocs\holytrinity\lib\Cake\Model\Model.php(2635): DboSource->read(Object(Day), Array)
#5 F:\xampp\htdocs\holytrinity\app\Controller\AppController.php(84): Model->find('first', Array)
#6 F:\xampp\htdocs\holytrinity\app\Controller\PostsController.php(11): AppController->beforeFilter()
#7 [internal function]: PostsController->beforeFilter(Object(CakeEvent))
#8 F:\xampp\htdocs\holytrinity\lib\Cake\Event\CakeEventManager.php(246): call_user_func(Array, Object(CakeEvent))
#9 F:\xampp\htdocs\holytrinity\lib\Cake\Controller\Controller.php(673): CakeEventManager->dispatch(Object(CakeEvent))
#10 F:\xampp\htdocs\holytrinity\lib\Cake\Routing\Dispatcher.php(100): Controller->startupProcess()
#11 F:\xampp\htdocs\holytrinity\lib\Cake\Routing\Dispatcher.php(85): Dispatcher->_invoke(Object(PostsController), Object(CakeRequest), Object(CakeResponse))
#12 F:\xampp\htdocs\holytrinity\app\webroot\index.php(97): Dispatcher->dispatch(Object(CakeRequest), Object(CakeResponse))
#13 {main}
2017-08-29 08:15:04 Error: [MissingTableException] Table subscribe for model Subscribe was not found in datasource default.
#0 F:\xampp\htdocs\holytrinity\lib\Cake\Model\Model.php(3380): Model->setSource('subscribe')
#1 F:\xampp\htdocs\holytrinity\lib\Cake\Model\Model.php(1278): Model->getDataSource()
#2 F:\xampp\htdocs\holytrinity\lib\Cake\View\Helper\FormHelper.php(191): Model->schema()
#3 F:\xampp\htdocs\holytrinity\lib\Cake\View\Helper\FormHelper.php(444): FormHelper->_introspectModel('Subscribe', 'fields')
#4 F:\xampp\htdocs\holytrinity\app\View\Elements\right_panel.ctp(5): FormHelper->create('Subscribe', Array)
#5 F:\xampp\htdocs\holytrinity\lib\Cake\View\View.php(908): include('F:\\xampp\\htdocs...')
#6 F:\xampp\htdocs\holytrinity\lib\Cake\View\View.php(872): View->_evaluate('F:\\xampp\\htdocs...', Array)
#7 F:\xampp\htdocs\holytrinity\lib\Cake\View\View.php(412): View->_render('F:\\xampp\\htdocs...', Array)
#8 F:\xampp\htdocs\holytrinity\app\View\Layouts\default.ctp(99): View->element('right_panel')
#9 F:\xampp\htdocs\holytrinity\lib\Cake\View\View.php(908): include('F:\\xampp\\htdocs...')
#10 F:\xampp\htdocs\holytrinity\lib\Cake\View\View.php(872): View->_evaluate('F:\\xampp\\htdocs...', Array)
#11 F:\xampp\htdocs\holytrinity\lib\Cake\View\View.php(527): View->_render('F:\\xampp\\htdocs...')
#12 F:\xampp\htdocs\holytrinity\lib\Cake\View\View.php(471): View->renderLayout('', 'default')
#13 F:\xampp\htdocs\holytrinity\lib\Cake\Controller\Controller.php(962): View->render('home', NULL)
#14 F:\xampp\htdocs\holytrinity\app\Controller\PagesController.php(74): Controller->render('home')
#15 [internal function]: PagesController->display('home')
#16 F:\xampp\htdocs\holytrinity\lib\Cake\Controller\Controller.php(488): ReflectionMethod->invokeArgs(Object(PagesController), Array)
#17 F:\xampp\htdocs\holytrinity\lib\Cake\Routing\Dispatcher.php(103): Controller->invokeAction(Object(CakeRequest))
#18 F:\xampp\htdocs\holytrinity\lib\Cake\Routing\Dispatcher.php(85): Dispatcher->_invoke(Object(PagesController), Object(CakeRequest), Object(CakeResponse))
#19 F:\xampp\htdocs\holytrinity\app\webroot\index.php(97): Dispatcher->dispatch(Object(CakeRequest), Object(CakeResponse))
#20 {main}
2017-08-29 08:15:13 Error: [MissingTableException] Table subscribe for model Subscribe was not found in datasource default.
#0 F:\xampp\htdocs\holytrinity\lib\Cake\Model\Model.php(3380): Model->setSource('subscribe')
#1 F:\xampp\htdocs\holytrinity\lib\Cake\Model\Model.php(1278): Model->getDataSource()
#2 F:\xampp\htdocs\holytrinity\lib\Cake\View\Helper\FormHelper.php(191): Model->schema()
#3 F:\xampp\htdocs\holytrinity\lib\Cake\View\Helper\FormHelper.php(444): FormHelper->_introspectModel('Subscribe', 'fields')
#4 F:\xampp\htdocs\holytrinity\app\View\Elements\right_panel.ctp(5): FormHelper->create('Subscribe', Array)
#5 F:\xampp\htdocs\holytrinity\lib\Cake\View\View.php(908): include('F:\\xampp\\htdocs...')
#6 F:\xampp\htdocs\holytrinity\lib\Cake\View\View.php(872): View->_evaluate('F:\\xampp\\htdocs...', Array)
#7 F:\xampp\htdocs\holytrinity\lib\Cake\View\View.php(412): View->_render('F:\\xampp\\htdocs...', Array)
#8 F:\xampp\htdocs\holytrinity\app\View\Layouts\default.ctp(99): View->element('right_panel')
#9 F:\xampp\htdocs\holytrinity\lib\Cake\View\View.php(908): include('F:\\xampp\\htdocs...')
#10 F:\xampp\htdocs\holytrinity\lib\Cake\View\View.php(872): View->_evaluate('F:\\xampp\\htdocs...', Array)
#11 F:\xampp\htdocs\holytrinity\lib\Cake\View\View.php(527): View->_render('F:\\xampp\\htdocs...')
#12 F:\xampp\htdocs\holytrinity\lib\Cake\View\View.php(471): View->renderLayout('', 'default')
#13 F:\xampp\htdocs\holytrinity\lib\Cake\Controller\Controller.php(962): View->render(NULL, NULL)
#14 F:\xampp\htdocs\holytrinity\lib\Cake\Routing\Dispatcher.php(110): Controller->render()
#15 F:\xampp\htdocs\holytrinity\lib\Cake\Routing\Dispatcher.php(85): Dispatcher->_invoke(Object(PostsController), Object(CakeRequest), Object(CakeResponse))
#16 F:\xampp\htdocs\holytrinity\app\webroot\index.php(97): Dispatcher->dispatch(Object(CakeRequest), Object(CakeResponse))
#17 {main}
2017-08-29 08:15:32 Error: [MissingTableException] Table subscribe for model Subscribe was not found in datasource default.
#0 F:\xampp\htdocs\holytrinity\lib\Cake\Model\Model.php(3380): Model->setSource('subscribe')
#1 F:\xampp\htdocs\holytrinity\lib\Cake\Model\Model.php(1278): Model->getDataSource()
#2 F:\xampp\htdocs\holytrinity\lib\Cake\View\Helper\FormHelper.php(191): Model->schema()
#3 F:\xampp\htdocs\holytrinity\lib\Cake\View\Helper\FormHelper.php(444): FormHelper->_introspectModel('Subscribe', 'fields')
#4 F:\xampp\htdocs\holytrinity\app\View\Elements\right_panel.ctp(5): FormHelper->create('Subscribe', Array)
#5 F:\xampp\htdocs\holytrinity\lib\Cake\View\View.php(908): include('F:\\xampp\\htdocs...')
#6 F:\xampp\htdocs\holytrinity\lib\Cake\View\View.php(872): View->_evaluate('F:\\xampp\\htdocs...', Array)
#7 F:\xampp\htdocs\holytrinity\lib\Cake\View\View.php(412): View->_render('F:\\xampp\\htdocs...', Array)
#8 F:\xampp\htdocs\holytrinity\app\View\Layouts\default.ctp(99): View->element('right_panel')
#9 F:\xampp\htdocs\holytrinity\lib\Cake\View\View.php(908): include('F:\\xampp\\htdocs...')
#10 F:\xampp\htdocs\holytrinity\lib\Cake\View\View.php(872): View->_evaluate('F:\\xampp\\htdocs...', Array)
#11 F:\xampp\htdocs\holytrinity\lib\Cake\View\View.php(527): View->_render('F:\\xampp\\htdocs...')
#12 F:\xampp\htdocs\holytrinity\lib\Cake\View\View.php(471): View->renderLayout('', 'default')
#13 F:\xampp\htdocs\holytrinity\lib\Cake\Controller\Controller.php(962): View->render(NULL, NULL)
#14 F:\xampp\htdocs\holytrinity\lib\Cake\Routing\Dispatcher.php(110): Controller->render()
#15 F:\xampp\htdocs\holytrinity\lib\Cake\Routing\Dispatcher.php(85): Dispatcher->_invoke(Object(PostsController), Object(CakeRequest), Object(CakeResponse))
#16 F:\xampp\htdocs\holytrinity\app\webroot\index.php(97): Dispatcher->dispatch(Object(CakeRequest), Object(CakeResponse))
#17 {main}
2017-08-29 08:15:42 Error: [MissingTableException] Table subscribe for model Subscribe was not found in datasource default.
#0 F:\xampp\htdocs\holytrinity\lib\Cake\Model\Model.php(3380): Model->setSource('subscribe')
#1 F:\xampp\htdocs\holytrinity\lib\Cake\Model\Model.php(1278): Model->getDataSource()
#2 F:\xampp\htdocs\holytrinity\lib\Cake\View\Helper\FormHelper.php(191): Model->schema()
#3 F:\xampp\htdocs\holytrinity\lib\Cake\View\Helper\FormHelper.php(444): FormHelper->_introspectModel('Subscribe', 'fields')
#4 F:\xampp\htdocs\holytrinity\app\View\Elements\right_panel.ctp(5): FormHelper->create('Subscribe', Array)
#5 F:\xampp\htdocs\holytrinity\lib\Cake\View\View.php(908): include('F:\\xampp\\htdocs...')
#6 F:\xampp\htdocs\holytrinity\lib\Cake\View\View.php(872): View->_evaluate('F:\\xampp\\htdocs...', Array)
#7 F:\xampp\htdocs\holytrinity\lib\Cake\View\View.php(412): View->_render('F:\\xampp\\htdocs...', Array)
#8 F:\xampp\htdocs\holytrinity\app\View\Layouts\default.ctp(99): View->element('right_panel')
#9 F:\xampp\htdocs\holytrinity\lib\Cake\View\View.php(908): include('F:\\xampp\\htdocs...')
#10 F:\xampp\htdocs\holytrinity\lib\Cake\View\View.php(872): View->_evaluate('F:\\xampp\\htdocs...', Array)
#11 F:\xampp\htdocs\holytrinity\lib\Cake\View\View.php(527): View->_render('F:\\xampp\\htdocs...')
#12 F:\xampp\htdocs\holytrinity\lib\Cake\View\View.php(471): View->renderLayout('', 'default')
#13 F:\xampp\htdocs\holytrinity\lib\Cake\Controller\Controller.php(962): View->render('home', NULL)
#14 F:\xampp\htdocs\holytrinity\app\Controller\PagesController.php(74): Controller->render('home')
#15 [internal function]: PagesController->display('home')
#16 F:\xampp\htdocs\holytrinity\lib\Cake\Controller\Controller.php(488): ReflectionMethod->invokeArgs(Object(PagesController), Array)
#17 F:\xampp\htdocs\holytrinity\lib\Cake\Routing\Dispatcher.php(103): Controller->invokeAction(Object(CakeRequest))
#18 F:\xampp\htdocs\holytrinity\lib\Cake\Routing\Dispatcher.php(85): Dispatcher->_invoke(Object(PagesController), Object(CakeRequest), Object(CakeResponse))
#19 F:\xampp\htdocs\holytrinity\app\webroot\index.php(97): Dispatcher->dispatch(Object(CakeRequest), Object(CakeResponse))
#20 {main}
2017-08-29 08:16:01 Error: [MissingTableException] Table subscribe for model Subscribe was not found in datasource default.
#0 F:\xampp\htdocs\holytrinity\lib\Cake\Model\Model.php(3380): Model->setSource('subscribe')
#1 F:\xampp\htdocs\holytrinity\lib\Cake\Model\Model.php(1278): Model->getDataSource()
#2 F:\xampp\htdocs\holytrinity\lib\Cake\View\Helper\FormHelper.php(191): Model->schema()
#3 F:\xampp\htdocs\holytrinity\lib\Cake\View\Helper\FormHelper.php(444): FormHelper->_introspectModel('Subscribe', 'fields')
#4 F:\xampp\htdocs\holytrinity\app\View\Elements\right_panel.ctp(5): FormHelper->create('Subscribe', Array)
#5 F:\xampp\htdocs\holytrinity\lib\Cake\View\View.php(908): include('F:\\xampp\\htdocs...')
#6 F:\xampp\htdocs\holytrinity\lib\Cake\View\View.php(872): View->_evaluate('F:\\xampp\\htdocs...', Array)
#7 F:\xampp\htdocs\holytrinity\lib\Cake\View\View.php(412): View->_render('F:\\xampp\\htdocs...', Array)
#8 F:\xampp\htdocs\holytrinity\app\View\Layouts\default.ctp(99): View->element('right_panel')
#9 F:\xampp\htdocs\holytrinity\lib\Cake\View\View.php(908): include('F:\\xampp\\htdocs...')
#10 F:\xampp\htdocs\holytrinity\lib\Cake\View\View.php(872): View->_evaluate('F:\\xampp\\htdocs...', Array)
#11 F:\xampp\htdocs\holytrinity\lib\Cake\View\View.php(527): View->_render('F:\\xampp\\htdocs...')
#12 F:\xampp\htdocs\holytrinity\lib\Cake\View\View.php(471): View->renderLayout('', 'default')
#13 F:\xampp\htdocs\holytrinity\lib\Cake\Controller\Controller.php(962): View->render(NULL, NULL)
#14 F:\xampp\htdocs\holytrinity\lib\Cake\Routing\Dispatcher.php(110): Controller->render()
#15 F:\xampp\htdocs\holytrinity\lib\Cake\Routing\Dispatcher.php(85): Dispatcher->_invoke(Object(PostsController), Object(CakeRequest), Object(CakeResponse))
#16 F:\xampp\htdocs\holytrinity\app\webroot\index.php(97): Dispatcher->dispatch(Object(CakeRequest), Object(CakeResponse))
#17 {main}
